<?xml version="1.0" ?>
<!DOCTYPE coverage SYSTEM "http://cobertura.sourceforge.net/xml/coverage-04.dtd">
<coverage lines-valid="51" lines-covered="36" line-rate="0.7058" branches-valid="24" branches-covered="14" branch-rate="0.5832999999999999" timestamp="1763269756691" complexity="0" version="0.1">
  <sources>
    <source>/Users/pkl/Projects/to-do-vue</source>
  </sources>
  <packages>
    <package name="main" line-rate="0.7058" branch-rate="0.5832999999999999">
      <classes>
        <class name="TodoItem.vue" filename="src/components/TodoItem.vue" line-rate="0.65" branch-rate="0.5">
          <methods>
            <method name="(anonymous_0)" hits="1" signature="()V">
              <lines>
                <line number="25" hits="1"/>
              </lines>
            </method>
            <method name="(anonymous_1)" hits="4" signature="()V">
              <lines>
                <line number="29" hits="4"/>
              </lines>
            </method>
            <method name="(anonymous_2)" hits="0" signature="()V">
              <lines>
                <line number="45" hits="0"/>
              </lines>
            </method>
            <method name="(anonymous_3)" hits="0" signature="()V">
              <lines>
                <line number="50" hits="0"/>
              </lines>
            </method>
          </methods>
          <lines>
            <line number="5" hits="9" branch="false"/>
            <line number="10" hits="9" branch="false"/>
            <line number="12" hits="9" branch="false"/>
            <line number="17" hits="9" branch="false"/>
            <line number="19" hits="9" branch="false"/>
            <line number="25" hits="9" branch="false"/>
            <line number="26" hits="1" branch="false"/>
            <line number="29" hits="9" branch="false"/>
            <line number="30" hits="4" branch="true" condition-coverage="25% (1/4)"/>
            <line number="32" hits="0" branch="false"/>
            <line number="33" hits="0" branch="false"/>
            <line number="37" hits="0" branch="false"/>
            <line number="38" hits="0" branch="false"/>
            <line number="41" hits="4" branch="false"/>
            <line number="45" hits="9" branch="false"/>
            <line number="47" hits="0" branch="false"/>
            <line number="50" hits="9" branch="false"/>
            <line number="51" hits="0" branch="true" condition-coverage="0% (0/2)"/>
            <line number="53" hits="0" branch="false"/>
            <line number="64" hits="1" branch="false"/>
          </lines>
        </class>
        <class name="TodoList.vue" filename="src/components/TodoList.vue" line-rate="0.7419" branch-rate="0.6428">
          <methods>
            <method name="(anonymous_0)" hits="1" signature="()V">
              <lines>
                <line number="19" hits="1"/>
              </lines>
            </method>
            <method name="(anonymous_1)" hits="0" signature="()V">
              <lines>
                <line number="23" hits="0"/>
              </lines>
            </method>
            <method name="(anonymous_2)" hits="0" signature="()V">
              <lines>
                <line number="29" hits="0"/>
              </lines>
            </method>
            <method name="(anonymous_3)" hits="0" signature="()V">
              <lines>
                <line number="36" hits="0"/>
              </lines>
            </method>
            <method name="(anonymous_4)" hits="4" signature="()V">
              <lines>
                <line number="41" hits="4"/>
              </lines>
            </method>
            <method name="(anonymous_5)" hits="1" signature="()V">
              <lines>
                <line number="48" hits="1"/>
              </lines>
            </method>
            <method name="(anonymous_6)" hits="2" signature="()V">
              <lines>
                <line number="53" hits="2"/>
              </lines>
            </method>
            <method name="(anonymous_7)" hits="1" signature="()V">
              <lines>
                <line number="58" hits="1"/>
              </lines>
            </method>
            <method name="(anonymous_8)" hits="3" signature="()V">
              <lines>
                <line number="63" hits="3"/>
              </lines>
            </method>
          </methods>
          <lines>
            <line number="12" hits="4" branch="false"/>
            <line number="14" hits="4" branch="false"/>
            <line number="19" hits="4" branch="false"/>
            <line number="20" hits="1" branch="false"/>
            <line number="23" hits="4" branch="false"/>
            <line number="24" hits="0" branch="false"/>
            <line number="26" hits="0" branch="true" condition-coverage="0% (0/2)"/>
            <line number="29" hits="0" branch="false"/>
            <line number="30" hits="0" branch="true" condition-coverage="0% (0/2)"/>
            <line number="31" hits="0" branch="false"/>
            <line number="32" hits="0" branch="false"/>
            <line number="36" hits="0" branch="false"/>
            <line number="37" hits="0" branch="false"/>
            <line number="41" hits="4" branch="false"/>
            <line number="42" hits="4" branch="true" condition-coverage="75% (3/4)"/>
            <line number="43" hits="4" branch="false"/>
            <line number="45" hits="4" branch="true" condition-coverage="100% (4/4)"/>
            <line number="48" hits="1" branch="false"/>
            <line number="49" hits="1" branch="false"/>
            <line number="50" hits="1" branch="false"/>
            <line number="53" hits="2" branch="false"/>
            <line number="54" hits="1" branch="false"/>
            <line number="55" hits="1" branch="false"/>
            <line number="58" hits="1" branch="false"/>
            <line number="59" hits="1" branch="false"/>
            <line number="60" hits="1" branch="false"/>
            <line number="63" hits="3" branch="false"/>
            <line number="64" hits="1" branch="false"/>
            <line number="65" hits="1" branch="false"/>
            <line number="71" hits="4" branch="true" condition-coverage="100% (2/2)"/>
            <line number="72" hits="9" branch="false"/>
          </lines>
        </class>
      </classes>
    </package>
  </packages>
</coverage>
