<?xml version="1.0" ?>
<!DOCTYPE coverage SYSTEM "http://cobertura.sourceforge.net/xml/coverage-04.dtd">
<coverage lines-valid="7" lines-covered="2" line-rate="0.2857" branches-valid="4" branches-covered="2" branch-rate="0.5" timestamp="1763208138688" complexity="0" version="0.1">
  <sources>
    <source>/Users/pkl/Projects/to-do-vue</source>
  </sources>
  <packages>
    <package name="main" line-rate="0.2857" branch-rate="0.5">
      <classes>
        <class name="TodoInput.vue" filename="src/components/TodoInput.vue" line-rate="0.2857" branch-rate="0.5">
          <methods>
            <method name="submit" hits="0" signature="()V">
              <lines>
                <line number="10" hits="0"/>
              </lines>
            </method>
            <method name="(anonymous_1)" hits="0" signature="()V">
              <lines>
                <line number="26" hits="0"/>
              </lines>
            </method>
          </methods>
          <lines>
            <line number="4" hits="1" branch="false"/>
            <line number="8" hits="1" branch="false"/>
            <line number="11" hits="0" branch="false"/>
            <line number="12" hits="0" branch="true" condition-coverage="0% (0/2)"/>
            <line number="13" hits="0" branch="false"/>
            <line number="14" hits="0" branch="false"/>
            <line number="21" hits="0" branch="false"/>
          </lines>
        </class>
      </classes>
    </package>
  </packages>
</coverage>
